<testsuites>
	<testsuite id="1" tests="9" failures="1" package="/Users/cvsburak/Desktop/spritecloud/specs/Sepc.spec" time="69.728" timestamp="2021-10-20T12:49:01" name="Specification Heading" errors="0" hostname="buraks-mbp">
		<properties></properties>
		<testcase classname="Specification Heading" name="Add New Record To Web Tables" time="4.796"></testcase>
		<testcase classname="Specification Heading" name="Click Random Card And Check Its Title" time="2.944"></testcase>
		<testcase classname="Specification Heading" name="Simple Alert" time="30.976">
			<failure message="Check alerts text equals to &#34;You clicked a button&#34;&#xA;Step Execution Failure: &#39;org.openqa.selenium.NoAlertPresentException: no such alert&#xA;  (Session info: chrome=94.0.4606.81)&#xA;Build info: version: &#39;3.141.59&#39;, revision: &#39;e82be7d358&#39;, time: &#39;2018-11-14T08:17:03&#39;&#xA;System info: host: &#39;buraks-mbp&#39;, ip: &#39;fe80:0:0:0:31:b35c:d1c:3c80%en0&#39;, os.name: &#39;Mac OS X&#39;, os.arch: &#39;x86_64&#39;, os.version: &#39;10.15.6&#39;, java.version: &#39;15.0.2&#39;&#xA;Driver info: org.openqa.selenium.chrome.ChromeDriver&#xA;Capabilities {acceptInsecureCerts: false, browserName: chrome, browserVersion: 94.0.4606.81, chrome: {chromedriverVersion: 94.0.4606.61 (418b78f5838ed..., userDataDir: /var/folders/vw/gfv5rfj12ql...}, goog:chromeOptions: {debuggerAddress: localhost:54175}, javascriptEnabled: true, networkConnectionEnabled: false, pageLoadStrategy: normal, platform: MAC, platformName: MAC, proxy: Proxy(), setWindowRect: true, strictFileInteractability: false, timeouts: {implicit: 0, pageLoad: 300000, script: 30000}, unhandledPromptBehavior: dismiss and notify, webauthn:extension:credBlob: true, webauthn:extension:largeBlob: true, webauthn:virtualAuthenticators: true}&#xA;Session ID: 4f988350dd8620b2ba92d25a8775e39f&#39;" type="Check alerts text equals to &#34;You clicked a button&#34;&#xA;Step Execution Failure: &#39;org.openqa.selenium.NoAlertPresentException: no such alert&#xA;  (Session info: chrome=94.0.4606.81)&#xA;Build info: version: &#39;3.141.59&#39;, revision: &#39;e82be7d358&#39;, time: &#39;2018-11-14T08:17:03&#39;&#xA;System info: host: &#39;buraks-mbp&#39;, ip: &#39;fe80:0:0:0:31:b35c:d1c:3c80%en0&#39;, os.name: &#39;Mac OS X&#39;, os.arch: &#39;x86_64&#39;, os.version: &#39;10.15.6&#39;, java.version: &#39;15.0.2&#39;&#xA;Driver info: org.openqa.selenium.chrome.ChromeDriver&#xA;Capabilities {acceptInsecureCerts: false, browserName: chrome, browserVersion: 94.0.4606.81, chrome: {chromedriverVersion: 94.0.4606.61 (418b78f5838ed..., userDataDir: /var/folders/vw/gfv5rfj12ql...}, goog:chromeOptions: {debuggerAddress: localhost:54175}, javascriptEnabled: true, networkConnectionEnabled: false, pageLoadStrategy: normal, platform: MAC, platformName: MAC, proxy: Proxy(), setWindowRect: true, strictFileInteractability: false, timeouts: {implicit: 0, pageLoad: 300000, script: 30000}, unhandledPromptBehavior: dismiss and notify, webauthn:extension:credBlob: true, webauthn:extension:largeBlob: true, webauthn:virtualAuthenticators: true}&#xA;Session ID: 4f988350dd8620b2ba92d25a8775e39f&#39;">java.base/jdk.internal.reflect.NativeConstructorAccessorImpl.newInstance0(Native Method)&#xA;java.base/jdk.internal.reflect.NativeConstructorAccessorImpl.newInstance(NativeConstructorAccessorImpl.java:64)&#xA;java.base/jdk.internal.reflect.DelegatingConstructorAccessorImpl.newInstance(DelegatingConstructorAccessorImpl.java:45)&#xA;java.base/java.lang.reflect.Constructor.newInstanceWithCaller(Constructor.java:500)&#xA;java.base/java.lang.reflect.Constructor.newInstance(Constructor.java:481)&#xA;org.openqa.selenium.remote.http.W3CHttpResponseCodec.createException(W3CHttpResponseCodec.java:187)&#xA;org.openqa.selenium.remote.http.W3CHttpResponseCodec.decode(W3CHttpResponseCodec.java:122)&#xA;org.openqa.selenium.remote.http.W3CHttpResponseCodec.decode(W3CHttpResponseCodec.java:49)&#xA;org.openqa.selenium.remote.HttpCommandExecutor.execute(HttpCommandExecutor.java:158)&#xA;org.openqa.selenium.remote.service.DriverCommandExecutor.execute(DriverCommandExecutor.java:83)&#xA;org.openqa.selenium.remote.RemoteWebDriver.execute(RemoteWebDriver.java:552)&#xA;org.openqa.selenium.remote.RemoteWebDriver.execute(RemoteWebDriver.java:609)&#xA;org.openqa.selenium.remote.RemoteWebDriver$RemoteTargetLocator.alert(RemoteWebDriver.java:932)&#xA;web.Steps.StepImplementation.checkAlertTextEqualsTo(StepImplementation.java:205)&#xA;java.base/jdk.internal.reflect.NativeMethodAccessorImpl.invoke0(Native Method)&#xA;java.base/jdk.internal.reflect.NativeMethodAccessorImpl.invoke(NativeMethodAccessorImpl.java:64)&#xA;java.base/jdk.internal.reflect.DelegatingMethodAccessorImpl.invoke(DelegatingMethodAccessorImpl.java:43)&#xA;java.base/java.lang.reflect.Method.invoke(Method.java:564)&#xA;com.thoughtworks.gauge.execution.MethodExecutor.execute(MethodExecutor.java:28)&#xA;com.thoughtworks.gauge.execution.StepExecutionStage.executeStepMethod(StepExecutionStage.java:66)&#xA;com.thoughtworks.gauge.execution.StepExecutionStage.executeStep(StepExecutionStage.java:59)&#xA;com.thoughtworks.gauge.execution.StepExecutionStage.execute(StepExecutionStage.java:41)&#xA;com.thoughtworks.gauge.execution.AbstractExecutionStage.executeNext(AbstractExecutionStage.java:14)&#xA;com.thoughtworks.gauge.execution.HookExecutionStage.execute(HookExecutionStage.java:33)&#xA;com.thoughtworks.gauge.execution.ExecutionPipeline.start(ExecutionPipeline.java:19)&#xA;com.thoughtworks.gauge.processor.ExecuteStepProcessor.process(ExecuteStepProcessor.java:44)&#xA;com.thoughtworks.gauge.RunnerServiceHandler.lambda$executeStep$7(RunnerServiceHandler.java:166)&#xA;java.base/java.util.concurrent.ThreadPoolExecutor.runWorker(ThreadPoolExecutor.java:1130)&#xA;java.base/java.util.concurrent.ThreadPoolExecutor$Worker.run(ThreadPoolExecutor.java:630)&#xA;java.base/java.lang.Thread.run(Thread.java:832)&#xA;</failure>
		</testcase>
		<testcase classname="Specification Heading" name="Timer Alert" time="8.628"></testcase>
		<testcase classname="Specification Heading" name="Confirm The Alert" time="4.162"></testcase>
		<testcase classname="Specification Heading" name="Not Confirm The Alert" time="3.870"></testcase>
		<testcase classname="Specification Heading" name="Prompt Alert" time="6.752"></testcase>
		<testcase classname="Specification Heading" name="New Tab" time="3.889"></testcase>
		<testcase classname="Specification Heading" name="Close Current Tab" time="3.711"></testcase>
		<system-out></system-out>
		<system-err></system-err>
	</testsuite>
</testsuites>